#
# A fatal error has been detected by the Java Runtime Environment:
#
#  EXCEPTION_ACCESS_VIOLATION (0xc0000005) at pc=0x000000005162a1a0, pid=5836, tid=1180
#
# JRE version: Java(TM) SE Runtime Environment (8.0_51-b16) (build 1.8.0_51-b16)
# Java VM: Java HotSpot(TM) 64-Bit Server VM (25.51-b03 mixed mode windows-amd64 compressed oops)
# Problematic frame:
# V  [jvm.dll+0xfa1a0]
#
# Failed to write core dump. Minidumps are not enabled by default on client versions of Windows
#
# If you would like to submit a bug report, please visit:
#   http://bugreport.java.com/bugreport/crash.jsp
#

---------------  T H R E A D  ---------------

Current thread (0x0000000015257000):  VMThread [stack: 0x0000000015cd0000,0x0000000015dd0000] [id=1180]

siginfo: ExceptionCode=0xc0000005, reading address 0x000000000000001b

Registers:
RAX=0x000000000000000b, RBX=0x000000001a82cc98, RCX=0x000000001fc322a0, RDX=0x0000000100700358
RSP=0x0000000015dcf4f0, RBP=0x0000000000000003, RSI=0x0000000000000004, RDI=0x0000000100700358
R8 =0x000000001b0820f0, R9 =0x0000000000000004, R10=0x000000001fada0f8, R11=0x0000000000000004
R12=0x000000001b0820d0, R13=0x000000001a82cc98, R14=0x000000001a82cc28, R15=0x000000001b0820f0
RIP=0x000000005162a1a0, EFLAGS=0x0000000000010206

Top of Stack: (sp=0x0000000015dcf4f0)
0x0000000015dcf4f0:   0000000015dcf540 0000000015dcf550
0x0000000015dcf500:   0000000000000000 000000005161ac2b
0x0000000015dcf510:   0000000018ec2c50 000000005162a417
0x0000000015dcf520:   00000001001da428 0000000000000000
0x0000000015dcf530:   0000000000000005 000000005163deeb
0x0000000015dcf540:   0000000100700358 0000000000000000
0x0000000015dcf550:   00000000162cf630 0000000018ec2c50
0x0000000015dcf560:   0000000015257000 0000000015dcf6f0
0x0000000015dcf570:   0000000015257000 00000000516f51ad
0x0000000015dcf580:   00000001001da428 000000001b0820d0
0x0000000015dcf590:   0000000015257000 0000000002d6a120
0x0000000015dcf5a0:   0000000015dcf658 000000001fadaae0
0x0000000015dcf5b0:   0000000015257000 0000000000000000
0x0000000015dcf5c0:   0000000100000000 0000000000000000
0x0000000015dcf5d0:   0000000019130460 0000000015257000
0x0000000015dcf5e0:   0000000015257000 00000000152559a0 

Instructions: (pc=0x000000005162a1a0)
0x000000005162a180:   41 18 48 c1 e8 14 a8 01 74 06 48 8b 59 10 eb 1b
0x000000005162a190:   48 8b 41 08 48 85 c0 74 44 48 8b 49 08 48 8b 01
0x000000005162a1a0:   ff 50 10 84 c0 74 36 48 8b 5b 08 48 85 db 74 2d
0x000000005162a1b0:   48 8b 03 48 8b cb ff 50 10 84 c0 74 20 48 85 ff 


Register to memory mapping:

RAX=0x000000000000000b is an unknown value
RBX=0x000000001a82cc98 is pointing into metadata
RCX=0x000000001fc322a0 is pointing into metadata
RDX=0x0000000100700358 is pointing into metadata
RSP=0x0000000015dcf4f0 is an unknown value
RBP=0x0000000000000003 is an unknown value
RSI=0x0000000000000004 is an unknown value
RDI=0x0000000100700358 is pointing into metadata
R8 =0x000000001b0820f0 is an unknown value
R9 =0x0000000000000004 is an unknown value
R10=0x000000001fada0f8 is pointing into metadata
R11=0x0000000000000004 is an unknown value
R12=0x000000001b0820d0 is an unknown value
R13=0x000000001a82cc98 is pointing into metadata
R14=0x000000001a82cc28 is pointing into metadata
R15=0x000000001b0820f0 is an unknown value


Stack: [0x0000000015cd0000,0x0000000015dd0000],  sp=0x0000000015dcf4f0,  free space=1021k
Native frames: (J=compiled Java code, j=interpreted, Vv=VM code, C=native code)
V  [jvm.dll+0xfa1a0]
V  [jvm.dll+0xfa417]
V  [jvm.dll+0x1c51ad]
V  [jvm.dll+0x6150b]
V  [jvm.dll+0x1c59ad]
V  [jvm.dll+0x1c5c3b]
V  [jvm.dll+0x247e47]
V  [jvm.dll+0x2470e6]
V  [jvm.dll+0x247581]
V  [jvm.dll+0x24779e]
V  [jvm.dll+0x29846a]
C  [msvcr100.dll+0x21d9f]
C  [msvcr100.dll+0x21e3b]
C  [KERNEL32.DLL+0x167e]
C  [ntdll.dll+0x1c3f1]

VM_Operation (0x00000000162cf630): RedefineClasses, mode: safepoint, requested by thread 0x000000001529a000


---------------  P R O C E S S  ---------------

Java Threads: ( => current thread )
  0x000000001a9c2000 JavaThread "http-nio-81-Acceptor-0" daemon [_thread_in_native, id=4280, stack(0x000000001f380000,0x000000001f480000)]
  0x000000001a9c9000 JavaThread "http-nio-81-ClientPoller-1" daemon [_thread_in_native, id=5484, stack(0x000000001f280000,0x000000001f380000)]
  0x000000001a9c3800 JavaThread "http-nio-81-ClientPoller-0" daemon [_thread_in_native, id=2456, stack(0x000000001ef80000,0x000000001f080000)]
  0x000000001a9c3000 JavaThread "NioBlockingSelector.BlockPoller-10" daemon [_thread_in_native, id=4348, stack(0x000000001ee80000,0x000000001ef80000)]
  0x000000001a9c7800 JavaThread "File Watcher" daemon [_thread_blocked, id=2788, stack(0x000000001ed80000,0x000000001ee80000)]
  0x000000001dc53800 JavaThread "container-0" [_thread_blocked, id=5632, stack(0x000000001ec80000,0x000000001ed80000)]
  0x000000001dc4e000 JavaThread "ContainerBackgroundProcessor[StandardEngine[Tomcat].StandardHost[localhost].StandardContext[]]" daemon [_thread_blocked, id=2428, stack(0x000000001d9a0000,0x000000001daa0000)]
  0x000000001dc4c800 JavaThread "Tomcat JDBC Pool Cleaner[349885916:1459558278218]" daemon [_thread_blocked, id=2692, stack(0x000000001cf70000,0x000000001d070000)]
  0x000000001dc51800 JavaThread "File Watcher" daemon [_thread_blocked, id=3380, stack(0x0000000019180000,0x0000000019280000)]
  0x000000001dc53000 JavaThread "File Watcher" daemon [_thread_blocked, id=3736, stack(0x00000000177b0000,0x00000000178b0000)]
  0x000000001ac72000 JavaThread "DestroyJavaVM" [_thread_blocked, id=5016, stack(0x00000000028b0000,0x00000000029b0000)]
  0x000000001ac71800 JavaThread "Live Reload Server" daemon [_thread_in_native, id=4304, stack(0x000000001d350000,0x000000001d450000)]
  0x0000000015312800 JavaThread "Service Thread" daemon [_thread_blocked, id=5940, stack(0x00000000166d0000,0x00000000167d0000)]
  0x00000000152bb000 JavaThread "C1 CompilerThread1" daemon [_thread_blocked, id=3328, stack(0x00000000165d0000,0x00000000166d0000)]
  0x00000000152b8000 JavaThread "C2 CompilerThread0" daemon [_thread_blocked, id=5680, stack(0x00000000164d0000,0x00000000165d0000)]
  0x00000000152a8000 JavaThread "JDWP Command Reader" daemon [_thread_in_native, id=2636, stack(0x00000000163d0000,0x00000000164d0000)]
  0x00000000152a6800 JavaThread "JDWP Event Helper Thread" daemon [_thread_blocked, id=3640, stack(0x00000000162d0000,0x00000000163d0000)]
  0x000000001529a000 JavaThread "JDWP Transport Listener: dt_socket" daemon [_thread_blocked, id=996, stack(0x00000000161d0000,0x00000000162d0000)]
  0x000000001528f000 JavaThread "Attach Listener" daemon [_thread_blocked, id=1648, stack(0x00000000160d0000,0x00000000161d0000)]
  0x000000001528c000 JavaThread "Signal Dispatcher" daemon [_thread_blocked, id=2552, stack(0x0000000015fd0000,0x00000000160d0000)]
  0x0000000002e41000 JavaThread "Finalizer" daemon [_thread_blocked, id=3712, stack(0x0000000015ed0000,0x0000000015fd0000)]
  0x0000000002e3e000 JavaThread "Reference Handler" daemon [_thread_blocked, id=1152, stack(0x0000000015dd0000,0x0000000015ed0000)]

Other Threads:
=>0x0000000015257000 VMThread [stack: 0x0000000015cd0000,0x0000000015dd0000] [id=1180]
  0x000000001531d000 WatcherThread [stack: 0x00000000167d0000,0x00000000168d0000] [id=3204]

VM state:at safepoint (normal execution)

VM Mutex/Monitor currently owned by a thread:  ([mutex/lock_event])
[0x0000000002d52550] Threads_lock - owner thread: 0x0000000015257000

Heap:
 PSYoungGen      total 278016K, used 244932K [0x00000000ead80000, 0x00000000fd480000, 0x0000000100000000)
  eden space 267776K, 91% used [0x00000000ead80000,0x00000000f9cb12a8,0x00000000fb300000)
  from space 10240K, 0% used [0x00000000fca80000,0x00000000fca80000,0x00000000fd480000)
  to   space 16384K, 0% used [0x00000000fb480000,0x00000000fb480000,0x00000000fc480000)
 ParOldGen       total 64512K, used 45622K [0x00000000c0800000, 0x00000000c4700000, 0x00000000ead80000)
  object space 64512K, 70% used [0x00000000c0800000,0x00000000c348dbc8,0x00000000c4700000)
 Metaspace       used 61409K, capacity 63220K, committed 63360K, reserved 1105920K
  class space    used 7012K, capacity 7537K, committed 7552K, reserved 1048576K

Card table byte_map: [0x0000000012210000,0x0000000012410000] byte_map_base: 0x0000000011c0c000

Marking Bits: (ParMarkBitMap*) 0x0000000051d34040
 Begin Bits: [0x0000000012770000, 0x0000000013750000)
 End Bits:   [0x0000000013750000, 0x0000000014730000)

Polling page: 0x0000000000f80000

CodeCache: size=245760Kb used=41823Kb max_used=41823Kb free=203936Kb
 bounds [0x0000000002e50000, 0x0000000005770000, 0x0000000011e50000]
 total_blobs=11257 nmethods=10766 adapters=412
 compilation: enabled

Compilation events (10 events):
Event: 3474.820 Thread 0x00000000152bb000 nmethod 13487 0x0000000005765c50 code [0x0000000005765e00, 0x0000000005766478]
Event: 3474.820 Thread 0x00000000152bb000 13489       3       org.springframework.jmx.export.MBeanExporter$1::include (12 bytes)
Event: 3474.821 Thread 0x00000000152bb000 nmethod 13489 0x0000000005766650 code [0x00000000057667e0, 0x0000000005766c38]
Event: 3474.821 Thread 0x00000000152b8000 nmethod 13488 0x0000000005752bd0 code [0x0000000005752d40, 0x0000000005752ec8]
Event: 3474.829 Thread 0x00000000152bb000 13491       3       java.security.AccessControlContext::optimize (318 bytes)
Event: 3474.831 Thread 0x00000000152bb000 nmethod 13491 0x0000000005769c90 code [0x000000000576a000, 0x000000000576bee8]
Event: 3474.831 Thread 0x00000000152bb000 13492       1       org.apache.tomcat.util.threads.LimitLatch::access$100 (5 bytes)
Event: 3474.831 Thread 0x00000000152bb000 nmethod 13492 0x0000000005769650 code [0x00000000057697a0, 0x0000000005769890]
Event: 3474.832 Thread 0x00000000152bb000 13493       1       org.apache.tomcat.util.net.NioEndpoint::access$000 (5 bytes)
Event: 3474.832 Thread 0x00000000152bb000 nmethod 13493 0x0000000005769390 code [0x00000000057694e0, 0x00000000057695d0]

GC Heap History (10 events):
Event: 3119.229 GC heap before
{Heap before GC invocations=37 (full 10):
 PSYoungGen      total 279552K, used 272384K [0x00000000ead80000, 0x00000000fdf00000, 0x0000000100000000)
  eden space 272384K, 100% used [0x00000000ead80000,0x00000000fb780000,0x00000000fb780000)
  from space 7168K, 0% used [0x00000000fd800000,0x00000000fd800000,0x00000000fdf00000)
  to   space 15872K, 0% used [0x00000000fc000000,0x00000000fc000000,0x00000000fcf80000)
 ParOldGen       total 64512K, used 37465K [0x00000000c0800000, 0x00000000c4700000, 0x00000000ead80000)
  object space 64512K, 58% used [0x00000000c0800000,0x00000000c2c965e0,0x00000000c4700000)
 Metaspace       used 59944K, capacity 61580K, committed 61952K, reserved 1103872K
  class space    used 6892K, capacity 7345K, committed 7424K, reserved 1048576K
Event: 3119.264 GC heap after
Heap after GC invocations=37 (full 10):
 PSYoungGen      total 296960K, used 10809K [0x00000000ead80000, 0x00000000fdf80000, 0x0000000100000000)
  eden space 281088K, 0% used [0x00000000ead80000,0x00000000ead80000,0x00000000fc000000)
  from space 15872K, 68% used [0x00000000fc000000,0x00000000fca8e590,0x00000000fcf80000)
  to   space 15872K, 0% used [0x00000000fd000000,0x00000000fd000000,0x00000000fdf80000)
 ParOldGen       total 64512K, used 37465K [0x00000000c0800000, 0x00000000c4700000, 0x00000000ead80000)
  object space 64512K, 58% used [0x00000000c0800000,0x00000000c2c965e0,0x00000000c4700000)
 Metaspace       used 59944K, capacity 61580K, committed 61952K, reserved 1103872K
  class space    used 6892K, capacity 7345K, committed 7424K, reserved 1048576K
}
Event: 3197.788 GC heap before
{Heap before GC invocations=38 (full 10):
 PSYoungGen      total 296960K, used 291897K [0x00000000ead80000, 0x00000000fdf80000, 0x0000000100000000)
  eden space 281088K, 100% used [0x00000000ead80000,0x00000000fc000000,0x00000000fc000000)
  from space 15872K, 68% used [0x00000000fc000000,0x00000000fca8e590,0x00000000fcf80000)
  to   space 15872K, 0% used [0x00000000fd000000,0x00000000fd000000,0x00000000fdf80000)
 ParOldGen       total 64512K, used 37465K [0x00000000c0800000, 0x00000000c4700000, 0x00000000ead80000)
  object space 64512K, 58% used [0x00000000c0800000,0x00000000c2c965e0,0x00000000c4700000)
 Metaspace       used 60729K, capacity 62470K, committed 62848K, reserved 1103872K
  class space    used 6949K, capacity 7440K, committed 7552K, reserved 1048576K
Event: 3197.820 GC heap after
Heap after GC invocations=38 (full 10):
 PSYoungGen      total 295936K, used 15240K [0x00000000ead80000, 0x00000000fe980000, 0x0000000100000000)
  eden space 280064K, 0% used [0x00000000ead80000,0x00000000ead80000,0x00000000fbf00000)
  from space 15872K, 96% used [0x00000000fd000000,0x00000000fdee2188,0x00000000fdf80000)
  to   space 17408K, 0% used [0x00000000fbf00000,0x00000000fbf00000,0x00000000fd000000)
 ParOldGen       total 64512K, used 37473K [0x00000000c0800000, 0x00000000c4700000, 0x00000000ead80000)
  object space 64512K, 58% used [0x00000000c0800000,0x00000000c2c985e0,0x00000000c4700000)
 Metaspace       used 60729K, capacity 62470K, committed 62848K, reserved 1103872K
  class space    used 6949K, capacity 7440K, committed 7552K, reserved 1048576K
}
Event: 3466.254 GC heap before
{Heap before GC invocations=39 (full 10):
 PSYoungGen      total 295936K, used 295304K [0x00000000ead80000, 0x00000000fe980000, 0x0000000100000000)
  eden space 280064K, 100% used [0x00000000ead80000,0x00000000fbf00000,0x00000000fbf00000)
  from space 15872K, 96% used [0x00000000fd000000,0x00000000fdee2188,0x00000000fdf80000)
  to   space 17408K, 0% used [0x00000000fbf00000,0x00000000fbf00000,0x00000000fd000000)
 ParOldGen       total 64512K, used 37473K [0x00000000c0800000, 0x00000000c4700000, 0x00000000ead80000)
  object space 64512K, 58% used [0x00000000c0800000,0x00000000c2c985e0,0x00000000c4700000)
 Metaspace       used 60793K, capacity 62636K, committed 62848K, reserved 1103872K
  class space    used 6958K, capacity 7457K, committed 7552K, reserved 1048576K
Event: 3466.277 GC heap after
Heap after GC invocations=39 (full 10):
 PSYoungGen      total 279552K, used 11472K [0x00000000ead80000, 0x00000000fd500000, 0x0000000100000000)
  eden space 267776K, 0% used [0x00000000ead80000,0x00000000ead80000,0x00000000fb300000)
  from space 11776K, 97% used [0x00000000fbf00000,0x00000000fca340b0,0x00000000fca80000)
  to   space 10752K, 0% used [0x00000000fca80000,0x00000000fca80000,0x00000000fd500000)
 ParOldGen       total 64512K, used 37481K [0x00000000c0800000, 0x00000000c4700000, 0x00000000ead80000)
  object space 64512K, 58% used [0x00000000c0800000,0x00000000c2c9a5e0,0x00000000c4700000)
 Metaspace       used 60793K, capacity 62636K, committed 62848K, reserved 1103872K
  class space    used 6958K, capacity 7457K, committed 7552K, reserved 1048576K
}
Event: 3472.536 GC heap before
{Heap before GC invocations=40 (full 10):
 PSYoungGen      total 279552K, used 23514K [0x00000000ead80000, 0x00000000fd500000, 0x0000000100000000)
  eden space 267776K, 4% used [0x00000000ead80000,0x00000000eb942870,0x00000000fb300000)
  from space 11776K, 97% used [0x00000000fbf00000,0x00000000fca340b0,0x00000000fca80000)
  to   space 10752K, 0% used [0x00000000fca80000,0x00000000fca80000,0x00000000fd500000)
 ParOldGen       total 64512K, used 37481K [0x00000000c0800000, 0x00000000c4700000, 0x00000000ead80000)
  object space 64512K, 58% used [0x00000000c0800000,0x00000000c2c9a5e0,0x00000000c4700000)
 Metaspace       used 60820K, capacity 62642K, committed 62848K, reserved 1103872K
  class space    used 6962K, capacity 7459K, committed 7552K, reserved 1048576K
Event: 3472.555 GC heap after
Heap after GC invocations=40 (full 10):
 PSYoungGen      total 278016K, used 9760K [0x00000000ead80000, 0x00000000fd480000, 0x0000000100000000)
  eden space 267776K, 0% used [0x00000000ead80000,0x00000000ead80000,0x00000000fb300000)
  from space 10240K, 95% used [0x00000000fca80000,0x00000000fd408020,0x00000000fd480000)
  to   space 16384K, 0% used [0x00000000fb480000,0x00000000fb480000,0x00000000fc480000)
 ParOldGen       total 64512K, used 37481K [0x00000000c0800000, 0x00000000c4700000, 0x00000000ead80000)
  object space 64512K, 58% used [0x00000000c0800000,0x00000000c2c9a5e0,0x00000000c4700000)
 Metaspace       used 60820K, capacity 62642K, committed 62848K, reserved 1103872K
  class space    used 6962K, capacity 7459K, committed 7552K, reserved 1048576K
}
Event: 3472.555 GC heap before
{Heap before GC invocations=41 (full 11):
 PSYoungGen      total 278016K, used 9760K [0x00000000ead80000, 0x00000000fd480000, 0x0000000100000000)
  eden space 267776K, 0% used [0x00000000ead80000,0x00000000ead80000,0x00000000fb300000)
  from space 10240K, 95% used [0x00000000fca80000,0x00000000fd408020,0x00000000fd480000)
  to   space 16384K, 0% used [0x00000000fb480000,0x00000000fb480000,0x00000000fc480000)
 ParOldGen       total 64512K, used 37481K [0x00000000c0800000, 0x00000000c4700000, 0x00000000ead80000)
  object space 64512K, 58% used [0x00000000c0800000,0x00000000c2c9a5e0,0x00000000c4700000)
 Metaspace       used 60820K, capacity 62642K, committed 62848K, reserved 1103872K
  class space    used 6962K, capacity 7459K, committed 7552K, reserved 1048576K
Event: 3472.991 GC heap after
Heap after GC invocations=41 (full 11):
 PSYoungGen      total 278016K, used 0K [0x00000000ead80000, 0x00000000fd480000, 0x0000000100000000)
  eden space 267776K, 0% used [0x00000000ead80000,0x00000000ead80000,0x00000000fb300000)
  from space 10240K, 0% used [0x00000000fca80000,0x00000000fca80000,0x00000000fd480000)
  to   space 16384K, 0% used [0x00000000fb480000,0x00000000fb480000,0x00000000fc480000)
 ParOldGen       total 64512K, used 45622K [0x00000000c0800000, 0x00000000c4700000, 0x00000000ead80000)
  object space 64512K, 70% used [0x00000000c0800000,0x00000000c348dbc8,0x00000000c4700000)
 Metaspace       used 60785K, capacity 62582K, committed 62848K, reserved 1103872K
  class space    used 6957K, capacity 7448K, committed 7552K, reserved 1048576K
}

Deoptimization events (10 events):
Event: 3108.405 Thread 0x000000001a9c7800 Uncommon trap: reason=array_check action=maybe_recompile pc=0x000000000546b540 method=sun.reflect.annotation.AnnotationParser.parseEnumArray(ILjava/lang/Class;Ljava/nio/ByteBuffer;Lsun/reflect/ConstantPool;Ljava/lang/Class;)Ljava/lang/Object; @ 53
Event: 3119.737 Thread 0x000000001dc4c800 Uncommon trap: reason=null_check action=make_not_entrant pc=0x000000000543e8d8 method=org.springframework.context.support.PropertySourcesPlaceholderConfigurer$2.resolveStringValue(Ljava/lang/String;)Ljava/lang/String; @ 42
Event: 3119.776 Thread 0x000000001dc4c800 Uncommon trap: reason=null_check action=make_not_entrant pc=0x00000000054ed110 method=org.springframework.core.LocalVariableTableParameterNameDiscoverer.getParameterNames(Ljava/lang/reflect/Method;)[Ljava/lang/String; @ 66
Event: 3120.442 Thread 0x000000001dc4d800 Uncommon trap: reason=null_check action=make_not_entrant pc=0x0000000003615020 method=org.hibernate.validator.internal.util.ReflectionHelper.isIterable(Ljava/lang/reflect/Type;)Z @ 13
Event: 3120.554 Thread 0x000000001dc4d800 Uncommon trap: reason=null_check action=make_not_entrant pc=0x0000000005503ac4 method=org.springframework.data.mapping.model.AbstractPersistentProperty.getGetter()Ljava/lang/reflect/Method; @ 31
Event: 3473.781 Thread 0x000000001dc52000 Uncommon trap: reason=array_check action=maybe_recompile pc=0x000000000565e2b0 method=java.util.ComparableTimSort.binarySort([Ljava/lang/Object;III)V @ 183
Event: 3473.781 Thread 0x000000001dc52000 Uncommon trap: reason=array_check action=maybe_recompile pc=0x000000000565ea2c method=java.util.ComparableTimSort.binarySort([Ljava/lang/Object;III)V @ 193
Event: 3473.790 Thread 0x000000001dc52000 Uncommon trap: reason=array_check action=maybe_recompile pc=0x000000000565e8c8 method=java.util.ComparableTimSort.binarySort([Ljava/lang/Object;III)V @ 215
Event: 3473.790 Thread 0x000000001dc52000 Uncommon trap: reason=array_check action=maybe_recompile pc=0x000000000565ea2c method=java.util.ComparableTimSort.binarySort([Ljava/lang/Object;III)V @ 193
Event: 3474.386 Thread 0x000000001dc52000 Uncommon trap: reason=range_check action=make_not_entrant pc=0x00000000056f9ec0 method=java.lang.String.charAt(I)C @ 27

Internal exceptions (10 events):
Event: 3474.551 Thread 0x000000001dc4f800 Exception <a 'java/lang/ClassNotFoundException': java/lang/ObjectCustomizer> (0x00000000f6ef1930) thrown at [C:\re\workspace\8-2-build-windows-amd64-cygwin\jdk8u51\3951\hotspot\src\share\vm\classfile\systemDictionary.cpp, line 210]
Event: 3474.551 Thread 0x000000001dc4f800 Exception <a 'java/lang/ClassNotFoundException': mf/uz/services/DepartmentServiceCustomizer> (0x00000000f6f05c18) thrown at [C:\re\workspace\8-2-build-windows-amd64-cygwin\jdk8u51\3951\hotspot\src\share\vm\classfile\systemDictionary.cpp, line 210]
Event: 3474.572 Thread 0x000000001dc4f800 Exception <a 'java/lang/ClassNotFoundException': java/lang/ObjectCustomizer> (0x00000000f709b3c0) thrown at [C:\re\workspace\8-2-build-windows-amd64-cygwin\jdk8u51\3951\hotspot\src\share\vm\classfile\systemDictionary.cpp, line 210]
Event: 3474.572 Thread 0x000000001dc4f800 Exception <a 'java/lang/ClassNotFoundException': mf/uz/services/ModuleServiceCustomizer> (0x00000000f70aecb8) thrown at [C:\re\workspace\8-2-build-windows-amd64-cygwin\jdk8u51\3951\hotspot\src\share\vm\classfile\systemDictionary.cpp, line 210]
Event: 3474.595 Thread 0x000000001dc4f800 Exception <a 'java/lang/ClassNotFoundException': java/lang/ObjectCustomizer> (0x00000000f720b470) thrown at [C:\re\workspace\8-2-build-windows-amd64-cygwin\jdk8u51\3951\hotspot\src\share\vm\classfile\systemDictionary.cpp, line 210]
Event: 3474.596 Thread 0x000000001dc4f800 Exception <a 'java/lang/ClassNotFoundException': mf/uz/services/RoleServiceCustomizer> (0x00000000f721e848) thrown at [C:\re\workspace\8-2-build-windows-amd64-cygwin\jdk8u51\3951\hotspot\src\share\vm\classfile\systemDictionary.cpp, line 210]
Event: 3474.607 Thread 0x000000001dc4f800 Exception <a 'java/lang/ClassNotFoundException': java/lang/ObjectCustomizer> (0x00000000f72d7328) thrown at [C:\re\workspace\8-2-build-windows-amd64-cygwin\jdk8u51\3951\hotspot\src\share\vm\classfile\systemDictionary.cpp, line 210]
Event: 3474.608 Thread 0x000000001dc4f800 Exception <a 'java/lang/ClassNotFoundException': mf/uz/services/TokenServiceCustomizer> (0x00000000f72eac10) thrown at [C:\re\workspace\8-2-build-windows-amd64-cygwin\jdk8u51\3951\hotspot\src\share\vm\classfile\systemDictionary.cpp, line 210]
Event: 3474.623 Thread 0x000000001dc4f800 Exception <a 'java/lang/ClassNotFoundException': java/lang/ObjectCustomizer> (0x00000000f7446ce0) thrown at [C:\re\workspace\8-2-build-windows-amd64-cygwin\jdk8u51\3951\hotspot\src\share\vm\classfile\systemDictionary.cpp, line 210]
Event: 3474.623 Thread 0x000000001dc4f800 Exception <a 'java/lang/ClassNotFoundException': mf/uz/services/CertificateServiceCustomizer> (0x00000000f745bd30) thrown at [C:\re\workspace\8-2-build-windows-amd64-cygwin\jdk8u51\3951\hotspot\src\share\vm\classfile\systemDictionary.cpp, line 210]

Events (10 events):
Event: 3474.832 Executing VM operation: RevokeBias
Event: 3474.832 Executing VM operation: RevokeBias done
Event: 3474.832 Thread 0x0000000017bb1000 Thread exited: 0x0000000017bb1000
Event: 3484.520 Executing VM operation: RevokeBias
Event: 3484.531 Executing VM operation: RevokeBias done
Event: 3484.531 Thread 0x000000001dc52000 Thread exited: 0x000000001dc52000
Event: 3484.531 Executing VM operation: RevokeBias
Event: 3484.531 Executing VM operation: RevokeBias done
Event: 3484.532 Thread 0x000000001dc4d800 Thread exited: 0x000000001dc4d800
Event: 3494.021 Executing VM operation: RedefineClasses


Dynamic libraries:
0x000007f79ba00000 - 0x000007f79ba37000 	C:\Program Files\Java\jdk1.8.0_51\bin\java.exe
0x000007faad200000 - 0x000007faad3be000 	C:\Windows\SYSTEM32\ntdll.dll
0x000007faac150000 - 0x000007faac286000 	C:\Windows\system32\KERNEL32.DLL
0x000007faaa460000 - 0x000007faaa553000 	C:\Windows\system32\KERNELBASE.dll
0x000007faac300000 - 0x000007faac3de000 	C:\Windows\system32\ADVAPI32.dll
0x000007faabd20000 - 0x000007faabe6c000 	C:\Windows\system32\USER32.dll
0x000007faa7b40000 - 0x000007faa7da9000 	C:\Windows\WinSxS\amd64_microsoft.windows.common-controls_6595b64144ccf1df_6.0.9200.16384_none_418c2a697189c07f\COMCTL32.dll
0x000007faad150000 - 0x000007faad1f5000 	C:\Windows\system32\msvcrt.dll
0x000007faacc20000 - 0x000007faacc68000 	C:\Windows\SYSTEM32\sechost.dll
0x000007faac900000 - 0x000007faaca40000 	C:\Windows\system32\RPCRT4.dll
0x000007faab9b0000 - 0x000007faabaf0000 	C:\Windows\system32\GDI32.dll
0x000007faaca60000 - 0x000007faaca99000 	C:\Windows\system32\IMM32.DLL
0x000007faacc80000 - 0x000007faacd94000 	C:\Windows\system32\MSCTF.dll
0x0000000051450000 - 0x0000000051522000 	C:\Program Files\Java\jdk1.8.0_51\jre\bin\msvcr100.dll
0x0000000051530000 - 0x0000000051db3000 	C:\Program Files\Java\jdk1.8.0_51\jre\bin\server\jvm.dll
0x000007faa1c20000 - 0x000007faa1c29000 	C:\Windows\SYSTEM32\WSOCK32.dll
0x000007faa70c0000 - 0x000007faa70e0000 	C:\Windows\SYSTEM32\WINMM.dll
0x000007faa5300000 - 0x000007faa5309000 	C:\Windows\SYSTEM32\VERSION.dll
0x000007faac140000 - 0x000007faac147000 	C:\Windows\system32\PSAPI.DLL
0x000007faacf40000 - 0x000007faacf98000 	C:\Windows\system32\WS2_32.dll
0x000007faa7000000 - 0x000007faa7032000 	C:\Windows\SYSTEM32\WINMMBASE.dll
0x000007faacc70000 - 0x000007faacc79000 	C:\Windows\system32\NSI.dll
0x0000000051400000 - 0x000000005140f000 	C:\Program Files\Java\jdk1.8.0_51\jre\bin\verify.dll
0x00000000513d0000 - 0x00000000513f9000 	C:\Program Files\Java\jdk1.8.0_51\jre\bin\java.dll
0x0000000050fc0000 - 0x0000000050ff5000 	C:\Program Files\Java\jdk1.8.0_51\jre\bin\jdwp.dll
0x0000000050fb0000 - 0x0000000050fb8000 	C:\Program Files\Java\jdk1.8.0_51\jre\bin\npt.dll
0x00000000513b0000 - 0x00000000513c6000 	C:\Program Files\Java\jdk1.8.0_51\jre\bin\zip.dll
0x000007faaa6c0000 - 0x000007faab9a5000 	C:\Windows\system32\SHELL32.dll
0x000007faacfa0000 - 0x000007faad150000 	C:\Windows\SYSTEM32\combase.dll
0x000007faaa670000 - 0x000007faaa6c0000 	C:\Windows\system32\SHLWAPI.dll
0x000007faa8650000 - 0x000007faa86e6000 	C:\Windows\SYSTEM32\SHCORE.dll
0x000007faaa130000 - 0x000007faaa145000 	C:\Windows\SYSTEM32\profapi.dll
0x0000000050fa0000 - 0x0000000050fa9000 	C:\Program Files\Java\jdk1.8.0_51\jre\bin\dt_socket.dll
0x000007faa9980000 - 0x000007faa99dc000 	C:\Windows\system32\mswsock.dll
0x0000000051120000 - 0x000000005112d000 	C:\Program Files\Java\jdk1.8.0_51\jre\bin\management.dll
0x0000000051390000 - 0x00000000513aa000 	C:\Program Files\Java\jdk1.8.0_51\jre\bin\net.dll
0x000007faa3160000 - 0x000007faa3174000 	C:\Windows\system32\napinsp.dll
0x000007faa3240000 - 0x000007faa3258000 	C:\Windows\system32\pnrpnsp.dll
0x000007faa8390000 - 0x000007faa83a6000 	C:\Windows\system32\NLAapi.dll
0x000007faa97c0000 - 0x000007faa9858000 	C:\Windows\SYSTEM32\DNSAPI.dll
0x000007faa32e0000 - 0x000007faa32f2000 	C:\Windows\System32\winrnr.dll
0x000007faa2f00000 - 0x000007faa2f08000 	C:\Windows\System32\rasadhlp.dll
0x000007faa6d80000 - 0x000007faa6dac000 	C:\Windows\SYSTEM32\IPHLPAPI.DLL
0x000007faa6d00000 - 0x000007faa6d0a000 	C:\Windows\SYSTEM32\WINNSI.DLL
0x000007faa6c80000 - 0x000007faa6cdf000 	C:\Windows\System32\fwpuclnt.dll
0x0000000051370000 - 0x0000000051381000 	C:\Program Files\Java\jdk1.8.0_51\jre\bin\nio.dll
0x000007faa99e0000 - 0x000007faa99fa000 	C:\Windows\SYSTEM32\CRYPTSP.dll
0x000007faa9660000 - 0x000007faa96a9000 	C:\Windows\system32\rsaenh.dll
0x000007faa9760000 - 0x000007faa977f000 	C:\Windows\SYSTEM32\USERENV.dll
0x000007faa9f70000 - 0x000007faa9f7a000 	C:\Windows\SYSTEM32\CRYPTBASE.dll
0x000007faa9f10000 - 0x000007faa9f6c000 	C:\Windows\SYSTEM32\bcryptPrimitives.dll
0x000007faa6a90000 - 0x000007faa6aa3000 	C:\Windows\SYSTEM32\dhcpcsvc6.DLL
0x000007faa69f0000 - 0x000007faa6a08000 	C:\Windows\SYSTEM32\dhcpcsvc.DLL
0x000007fa9cef0000 - 0x000007fa9d053000 	C:\Windows\SYSTEM32\dbghelp.dll

VM Arguments:
jvm_args: -Xdebug -Xrunjdwp:transport=dt_socket,server=n,address=61341 
java_command: mf.uz.UserManagementApplication
java_class_path (initial): E:\Projects\26.02.2016\NetBeansProjects\UserManagement\target\classes;C:\Users\qurbonov\.m2\repository\org\springframework\boot\spring-boot-devtools\1.3.3.RELEASE\spring-boot-devtools-1.3.3.RELEASE.jar;C:\Users\qurbonov\.m2\repository\org\springframework\boot\spring-boot\1.3.3.RELEASE\spring-boot-1.3.3.RELEASE.jar;C:\Users\qurbonov\.m2\repository\org\springframework\spring-core\4.2.5.RELEASE\spring-core-4.2.5.RELEASE.jar;C:\Users\qurbonov\.m2\repository\org\springframework\spring-context\4.2.5.RELEASE\spring-context-4.2.5.RELEASE.jar;C:\Users\qurbonov\.m2\repository\org\springframework\boot\spring-boot-autoconfigure\1.3.3.RELEASE\spring-boot-autoconfigure-1.3.3.RELEASE.jar;C:\Users\qurbonov\.m2\repository\org\springframework\boot\spring-boot-starter-web\1.3.3.RELEASE\spring-boot-starter-web-1.3.3.RELEASE.jar;C:\Users\qurbonov\.m2\repository\org\springframework\boot\spring-boot-starter\1.3.3.RELEASE\spring-boot-starter-1.3.3.RELEASE.jar;C:\Users\qurbonov\.m2\repository\org\springframework\boot\spring-boot-starter-logging\1.3.3.RELEASE\spring-boot-starter-logging-1.3.3.RELEASE.jar;C:\Users\qurbonov\.m2\repository\ch\qos\logback\logback-classic\1.1.5\logback-classic-1.1.5.jar;C:\Users\qurbonov\.m2\repository\ch\qos\logback\logback-core\1.1.5\logback-core-1.1.5.jar;C:\Users\qurbonov\.m2\repository\org\slf4j\jul-to-slf4j\1.7.16\jul-to-slf4j-1.7.16.jar;C:\Users\qurbonov\.m2\repository\org\slf4j\log4j-over-slf4j\1.7.16\log4j-over-slf4j-1.7.16.jar;C:\Users\qurbonov\.m2\repository\org\yaml\snakeyaml\1.16\snakeyaml-1.16.jar;C:\Users\qurbonov\.m2\repository\org\springframework\boot\spring-boot-starter-tomcat\1.3.3.RELEASE\spring-boot-starter-tomcat-1.3.3.RELEASE.jar;C:\Users\qurbonov\.m2\repository\org\apache\tomcat\embed\tomcat-embed-core\8.0.32\tomcat-embed-core-8.0.32.jar;C:\Users\qurbonov\.m2\repository\org\apache\tomcat\embed\tomcat-embed-el\8.0.32\tomcat-embed-el-8.0.32.jar;C:\Users\qurbonov\.m2\repository\org\apache\tomcat\embed\tomcat-embed
Launcher Type: SUN_STANDARD

Environment Variables:
JAVA_HOME=C:\Program Files\Java\jdk1.8.0_51
PATH=C:\ProgramData\Oracle\Java\javapath;C:\Windows\system32;C:\Windows;C:\Windows\System32\Wbem;C:\Windows\System32\WindowsPowerShell\v1.0\;C:\Program Files\nodejs\;C:\Users\qurbonov\AppData\Roaming\npm
USERNAME=qurbonov
OS=Windows_NT
PROCESSOR_IDENTIFIER=Intel64 Family 6 Model 23 Stepping 10, GenuineIntel



---------------  S Y S T E M  ---------------

OS: Windows 8 , 64 bit Build 9200 (6.2.9200.16384)

CPU:total 2 (2 cores per cpu, 1 threads per core) family 6 model 23 stepping 10, cmov, cx8, fxsr, mmx, sse, sse2, sse3, ssse3, tsc

Memory: 4k page, physical 4158580k(1027392k free), swap 7828596k(3358204k free)

vm_info: Java HotSpot(TM) 64-Bit Server VM (25.51-b03) for windows-amd64 JRE (1.8.0_51-b16), built on Jun  8 2015 18:03:07 by "java_re" with MS VC++ 10.0 (VS2010)

time: Fri Apr 01 17:51:38 2016
elapsed time: 3494 seconds (0d 0h 58m 14s)

