#
# A fatal error has been detected by the Java Runtime Environment:
#
#  EXCEPTION_ACCESS_VIOLATION (0xc0000005) at pc=0x00000000516581c5, pid=5312, tid=700
#
# JRE version: Java(TM) SE Runtime Environment (8.0_51-b16) (build 1.8.0_51-b16)
# Java VM: Java HotSpot(TM) 64-Bit Server VM (25.51-b03 mixed mode windows-amd64 compressed oops)
# Problematic frame:
# V  [jvm.dll+0x1281c5]
#
# Failed to write core dump. Minidumps are not enabled by default on client versions of Windows
#
# If you would like to submit a bug report, please visit:
#   http://bugreport.java.com/bugreport/crash.jsp
#

---------------  T H R E A D  ---------------

Current thread (0x00000000144dc000):  JavaThread "JDWP Transport Listener: dt_socket" daemon [_thread_in_vm, id=700, stack(0x0000000015420000,0x0000000015520000)]

siginfo: ExceptionCode=0xc0000005, reading address 0xffffffffffffffff

Registers:
RAX=0x000000001551f401, RBX=0x00000000144dc000, RCX=0x72616c6365446369, RDX=0x0000000000000000
RSP=0x000000001551f3b0, RBP=0x72616c6365446369, RSI=0x000000001551f4c8, RDI=0x00000000002cd2e0
R8 =0x00000000144dc000, R9 =0x000000000000ff00, R10=0x3c6e6f6974616369, R11=0x000000001773c6f6
R12=0x0000000000000000, R13=0x00000000144e3888, R14=0x0000000000000000, R15=0x0000000000000000
RIP=0x00000000516581c5, EFLAGS=0x0000000000010206

Top of Stack: (sp=0x000000001551f3b0)
0x000000001551f3b0:   00000000144dc000 00000000144dc000
0x000000001551f3c0:   000000001551f478 000000005185c72b
0x000000001551f3d0:   00000000144dc000 0000000051878f8d
0x000000001551f3e0:   000000000000005b 0000000050fd9155
0x000000001551f3f0:   00000000162145e0 0000000050fe291e
0x000000001551f400:   00000000144dc000 0000000000000000
0x000000001551f410:   0000000000000000 0000000000000000
0x000000001551f420:   72616c6365446369 0000000050fe1a15
0x000000001551f430:   000000001551f4c8 000000001551f4a0
0x000000001551f440:   0000000000000001 00000000162145e0
0x000000001551f450:   72616c6365446369 0000000050fc53b3
0x000000001551f460:   000000001551f590 0000000000000001
0x000000001551f470:   0000000000000001 00000000162145e0
0x000000001551f480:   0000000000000009 0000000000000000
0x000000001551f490:   0000000000000000 0000000000000000
0x000000001551f4a0:   0000000000000001 0000000050fc5571 

Instructions: (pc=0x00000000516581c5)
0x00000000516581a5:   cc cc cc cc cc cc cc cc cc cc cc 48 83 ec 28 48
0x00000000516581b5:   85 c9 75 07 33 c0 48 83 c4 28 c3 48 89 5c 24 20
0x00000000516581c5:   48 8b 19 48 85 db 74 20 48 83 fb 37 74 1a 48 8b
0x00000000516581d5:   13 48 8b cb ff 52 10 84 c0 74 0d 48 8b c3 48 8b 


Register to memory mapping:

RAX=0x000000001551f401 is pointing into the stack for thread: 0x00000000144dc000
RBX=0x00000000144dc000 is a thread
RCX=0x72616c6365446369 is an unknown value
RDX=0x0000000000000000 is an unknown value
RSP=0x000000001551f3b0 is pointing into the stack for thread: 0x00000000144dc000
RBP=0x72616c6365446369 is an unknown value
RSI=0x000000001551f4c8 is pointing into the stack for thread: 0x00000000144dc000
RDI=0x00000000002cd2e0 is an unknown value
R8 =0x00000000144dc000 is a thread
R9 =0x000000000000ff00 is an unknown value
R10=0x3c6e6f6974616369 is an unknown value
R11=0x000000001773c6f6 is an unknown value
R12=0x0000000000000000 is an unknown value
R13=0x00000000144e3888 is an unknown value
R14=0x0000000000000000 is an unknown value
R15=0x0000000000000000 is an unknown value


Stack: [0x0000000015420000,0x0000000015520000],  sp=0x000000001551f3b0,  free space=1020k
Native frames: (J=compiled Java code, j=interpreted, Vv=VM code, C=native code)
V  [jvm.dll+0x1281c5]
V  [jvm.dll+0x348f8d]
C  [jdwp.dll+0x21a15]
C  [jdwp.dll+0x53b3]
C  [jdwp.dll+0x5571]
C  [jdwp.dll+0xf0a8]
C  [jdwp.dll+0x1f2d5]
C  [jdwp.dll+0x1f4aa]
V  [jvm.dll+0x1bae78]
V  [jvm.dll+0x2418a4]
V  [jvm.dll+0x29846a]
C  [msvcr100.dll+0x21d9f]
C  [msvcr100.dll+0x21e3b]
C  [KERNEL32.DLL+0x167e]
C  [ntdll.dll+0x1c3f1]


---------------  P R O C E S S  ---------------

Java Threads: ( => current thread )
  0x00000000160ff800 JavaThread "http-nio-81-exec-10" daemon [_thread_blocked, id=2544, stack(0x000000001cfe0000,0x000000001d0e0000)]
  0x00000000160fe000 JavaThread "http-nio-81-exec-9" daemon [_thread_blocked, id=6060, stack(0x000000001cee0000,0x000000001cfe0000)]
  0x00000000160fe800 JavaThread "http-nio-81-exec-8" daemon [_thread_blocked, id=5108, stack(0x000000001cde0000,0x000000001cee0000)]
  0x0000000016fbc000 JavaThread "http-nio-81-exec-7" daemon [_thread_blocked, id=3596, stack(0x000000001cce0000,0x000000001cde0000)]
  0x0000000016fbb000 JavaThread "http-nio-81-exec-6" daemon [_thread_blocked, id=4048, stack(0x000000001cbe0000,0x000000001cce0000)]
  0x0000000016fba800 JavaThread "http-nio-81-exec-5" daemon [_thread_blocked, id=5468, stack(0x000000001c800000,0x000000001c900000)]
  0x0000000016fb9800 JavaThread "http-nio-81-exec-4" daemon [_thread_blocked, id=4300, stack(0x00000000183d0000,0x00000000184d0000)]
  0x0000000016fb8000 JavaThread "http-nio-81-exec-3" daemon [_thread_blocked, id=4736, stack(0x0000000016a00000,0x0000000016b00000)]
  0x0000000016fb8800 JavaThread "http-nio-81-exec-2" daemon [_thread_blocked, id=4568, stack(0x0000000016800000,0x0000000016900000)]
  0x0000000016fb7000 JavaThread "http-nio-81-exec-1" daemon [_thread_blocked, id=2452, stack(0x0000000016900000,0x0000000016a00000)]
  0x0000000016fbe000 JavaThread "DestroyJavaVM" [_thread_blocked, id=5436, stack(0x0000000001b40000,0x0000000001c40000)]
  0x0000000016fbd800 JavaThread "http-nio-81-Acceptor-0" daemon [_thread_in_native, id=4100, stack(0x000000001c700000,0x000000001c800000)]
  0x0000000016fbc800 JavaThread "http-nio-81-ClientPoller-1" daemon [_thread_in_native, id=3288, stack(0x000000001c600000,0x000000001c700000)]
  0x0000000018d50000 JavaThread "http-nio-81-ClientPoller-0" daemon [_thread_in_native, id=1068, stack(0x000000001c340000,0x000000001c440000)]
  0x0000000018d4f000 JavaThread "NioBlockingSelector.BlockPoller-1" daemon [_thread_in_native, id=2008, stack(0x000000001c500000,0x000000001c600000)]
  0x0000000018d4e800 JavaThread "Live Reload Server" daemon [_thread_in_native, id=3172, stack(0x000000001c240000,0x000000001c340000)]
  0x0000000018d4d800 JavaThread "File Watcher" daemon [_thread_blocked, id=1136, stack(0x000000001bc80000,0x000000001bd80000)]
  0x0000000018d4d000 JavaThread "container-0" [_thread_blocked, id=5300, stack(0x000000001bb80000,0x000000001bc80000)]
  0x00000000193cb800 JavaThread "ContainerBackgroundProcessor[StandardEngine[Tomcat].StandardHost[localhost].StandardContext[]]" daemon [_thread_blocked, id=3160, stack(0x000000001b610000,0x000000001b710000)]
  0x0000000017652800 JavaThread "Tomcat JDBC Pool Cleaner[349885916:1459812871679]" daemon [_thread_blocked, id=972, stack(0x000000001acb0000,0x000000001adb0000)]
  0x00000000144fd800 JavaThread "Service Thread" daemon [_thread_blocked, id=1532, stack(0x0000000015920000,0x0000000015a20000)]
  0x00000000144fb800 JavaThread "C1 CompilerThread1" daemon [_thread_blocked, id=120, stack(0x0000000015820000,0x0000000015920000)]
  0x00000000144f3800 JavaThread "C2 CompilerThread0" daemon [_thread_blocked, id=6088, stack(0x0000000015720000,0x0000000015820000)]
  0x00000000144e8800 JavaThread "JDWP Command Reader" daemon [_thread_in_native, id=2156, stack(0x0000000015620000,0x0000000015720000)]
  0x00000000144e7000 JavaThread "JDWP Event Helper Thread" daemon [_thread_blocked, id=2484, stack(0x0000000015520000,0x0000000015620000)]
=>0x00000000144dc000 JavaThread "JDWP Transport Listener: dt_socket" daemon [_thread_in_vm, id=700, stack(0x0000000015420000,0x0000000015520000)]
  0x00000000144cf000 JavaThread "Attach Listener" daemon [_thread_blocked, id=3524, stack(0x0000000015320000,0x0000000015420000)]
  0x00000000144cc000 JavaThread "Signal Dispatcher" daemon [_thread_blocked, id=4556, stack(0x0000000015220000,0x0000000015320000)]
  0x0000000002086800 JavaThread "Finalizer" daemon [_thread_blocked, id=620, stack(0x0000000015120000,0x0000000015220000)]
  0x000000000207e000 JavaThread "Reference Handler" daemon [_thread_blocked, id=1700, stack(0x0000000015020000,0x0000000015120000)]

Other Threads:
  0x0000000014497000 VMThread [stack: 0x0000000014f20000,0x0000000015020000] [id=1984]
  0x0000000014501000 WatcherThread [stack: 0x0000000015a20000,0x0000000015b20000] [id=4788]

VM state:not at safepoint (normal execution)

VM Mutex/Monitor currently owned by a thread: None

Heap:
 PSYoungGen      total 183808K, used 48858K [0x00000000ead80000, 0x00000000f7b00000, 0x0000000100000000)
  eden space 180736K, 25% used [0x00000000ead80000,0x00000000edaaa970,0x00000000f5e00000)
  from space 3072K, 84% used [0x00000000f7800000,0x00000000f7a8c0e0,0x00000000f7b00000)
  to   space 14848K, 0% used [0x00000000f5e00000,0x00000000f5e00000,0x00000000f6c80000)
 ParOldGen       total 63488K, used 36655K [0x00000000c0800000, 0x00000000c4600000, 0x00000000ead80000)
  object space 63488K, 57% used [0x00000000c0800000,0x00000000c2bcbc40,0x00000000c4600000)
 Metaspace       used 49714K, capacity 50378K, committed 50560K, reserved 1093632K
  class space    used 6288K, capacity 6422K, committed 6528K, reserved 1048576K

Card table byte_map: [0x0000000011450000,0x0000000011650000] byte_map_base: 0x0000000010e4c000

Marking Bits: (ParMarkBitMap*) 0x0000000051d34040
 Begin Bits: [0x00000000119b0000, 0x0000000012990000)
 End Bits:   [0x0000000012990000, 0x0000000013970000)

Polling page: 0x00000000002b0000

CodeCache: size=245760Kb used=17797Kb max_used=17797Kb free=227962Kb
 bounds [0x0000000002090000, 0x0000000003210000, 0x0000000011090000]
 total_blobs=5716 nmethods=5244 adapters=393
 compilation: enabled

Compilation events (10 events):
Event: 3189.411 Thread 0x00000000144fb800 6257       1       org.springframework.orm.jpa.JpaTransactionManager$JpaTransactionObject::isNewEntityManagerHolder (5 bytes)
Event: 3189.412 Thread 0x00000000144fb800 nmethod 6257 0x0000000002b53610 code [0x0000000002b53760, 0x0000000002b53870]
Event: 3189.412 Thread 0x00000000144fb800 6258       3       org.springframework.web.method.HandlerMethod$ReturnValueMethodParameter::getParameterType (22 bytes)
Event: 3189.412 Thread 0x00000000144fb800 nmethod 6258 0x000000000320a210 code [0x000000000320a380, 0x000000000320a608]
Event: 3189.412 Thread 0x00000000144fb800 6259       3       org.apache.catalina.connector.Request::getHeaders (12 bytes)
Event: 3189.413 Thread 0x00000000144fb800 nmethod 6259 0x000000000320a710 code [0x000000000320a880, 0x000000000320ab88]
Event: 3189.413 Thread 0x00000000144fb800 6260       3       org.apache.tomcat.util.http.ValuesEnumerator::nextElement (5 bytes)
Event: 3189.413 Thread 0x00000000144fb800 nmethod 6260 0x000000000320ad10 code [0x000000000320ae80, 0x000000000320b138]
Event: 3212.838 Thread 0x00000000144fb800 6261       1       java.util.TaskQueue::getMin (7 bytes)
Event: 3212.838 Thread 0x00000000144fb800 nmethod 6261 0x000000000320b290 code [0x000000000320b3e0, 0x000000000320b510]

GC Heap History (10 events):
Event: 444.410 GC heap before
{Heap before GC invocations=14 (full 2):
 PSYoungGen      total 192512K, used 192499K [0x00000000ead80000, 0x00000000fa300000, 0x0000000100000000)
  eden space 180224K, 100% used [0x00000000ead80000,0x00000000f5d80000,0x00000000f5d80000)
  from space 12288K, 99% used [0x00000000f5d80000,0x00000000f697cce8,0x00000000f6980000)
  to   space 15360K, 0% used [0x00000000f9400000,0x00000000f9400000,0x00000000fa300000)
 ParOldGen       total 63488K, used 27690K [0x00000000c0800000, 0x00000000c4600000, 0x00000000ead80000)
  object space 63488K, 43% used [0x00000000c0800000,0x00000000c230ab38,0x00000000c4600000)
 Metaspace       used 49585K, capacity 50156K, committed 50304K, reserved 1093632K
  class space    used 6284K, capacity 6417K, committed 6528K, reserved 1048576K
Event: 444.446 GC heap after
Heap after GC invocations=14 (full 2):
 PSYoungGen      total 221696K, used 5968K [0x00000000ead80000, 0x00000000f9b80000, 0x0000000100000000)
  eden space 214016K, 0% used [0x00000000ead80000,0x00000000ead80000,0x00000000f7e80000)
  from space 7680K, 77% used [0x00000000f9400000,0x00000000f99d42b8,0x00000000f9b80000)
  to   space 14848K, 0% used [0x00000000f7e80000,0x00000000f7e80000,0x00000000f8d00000)
 ParOldGen       total 63488K, used 36623K [0x00000000c0800000, 0x00000000c4600000, 0x00000000ead80000)
  object space 63488K, 57% used [0x00000000c0800000,0x00000000c2bc3c40,0x00000000c4600000)
 Metaspace       used 49585K, capacity 50156K, committed 50304K, reserved 1093632K
  class space    used 6284K, capacity 6417K, committed 6528K, reserved 1048576K
}
Event: 1158.125 GC heap before
{Heap before GC invocations=15 (full 2):
 PSYoungGen      total 221696K, used 219984K [0x00000000ead80000, 0x00000000f9b80000, 0x0000000100000000)
  eden space 214016K, 100% used [0x00000000ead80000,0x00000000f7e80000,0x00000000f7e80000)
  from space 7680K, 77% used [0x00000000f9400000,0x00000000f99d42b8,0x00000000f9b80000)
  to   space 14848K, 0% used [0x00000000f7e80000,0x00000000f7e80000,0x00000000f8d00000)
 ParOldGen       total 63488K, used 36623K [0x00000000c0800000, 0x00000000c4600000, 0x00000000ead80000)
  object space 63488K, 57% used [0x00000000c0800000,0x00000000c2bc3c40,0x00000000c4600000)
 Metaspace       used 49605K, capacity 50226K, committed 50560K, reserved 1093632K
  class space    used 6285K, capacity 6418K, committed 6528K, reserved 1048576K
Event: 1158.144 GC heap after
Heap after GC invocations=15 (full 2):
 PSYoungGen      total 208384K, used 2768K [0x00000000ead80000, 0x00000000f9480000, 0x0000000100000000)
  eden space 205312K, 0% used [0x00000000ead80000,0x00000000ead80000,0x00000000f7600000)
  from space 3072K, 90% used [0x00000000f7e80000,0x00000000f81340e0,0x00000000f8180000)
  to   space 14848K, 0% used [0x00000000f8600000,0x00000000f8600000,0x00000000f9480000)
 ParOldGen       total 63488K, used 36631K [0x00000000c0800000, 0x00000000c4600000, 0x00000000ead80000)
  object space 63488K, 57% used [0x00000000c0800000,0x00000000c2bc5c40,0x00000000c4600000)
 Metaspace       used 49605K, capacity 50226K, committed 50560K, reserved 1093632K
  class space    used 6285K, capacity 6418K, committed 6528K, reserved 1048576K
}
Event: 1850.558 GC heap before
{Heap before GC invocations=16 (full 2):
 PSYoungGen      total 208384K, used 208080K [0x00000000ead80000, 0x00000000f9480000, 0x0000000100000000)
  eden space 205312K, 100% used [0x00000000ead80000,0x00000000f7600000,0x00000000f7600000)
  from space 3072K, 90% used [0x00000000f7e80000,0x00000000f81340e0,0x00000000f8180000)
  to   space 14848K, 0% used [0x00000000f8600000,0x00000000f8600000,0x00000000f9480000)
 ParOldGen       total 63488K, used 36631K [0x00000000c0800000, 0x00000000c4600000, 0x00000000ead80000)
  object space 63488K, 57% used [0x00000000c0800000,0x00000000c2bc5c40,0x00000000c4600000)
 Metaspace       used 49614K, capacity 50226K, committed 50560K, reserved 1093632K
  class space    used 6285K, capacity 6418K, committed 6528K, reserved 1048576K
Event: 1850.571 GC heap after
Heap after GC invocations=16 (full 2):
 PSYoungGen      total 201216K, used 2528K [0x00000000ead80000, 0x00000000f8a80000, 0x0000000100000000)
  eden space 196608K, 0% used [0x00000000ead80000,0x00000000ead80000,0x00000000f6d80000)
  from space 4608K, 54% used [0x00000000f8600000,0x00000000f88780f0,0x00000000f8a80000)
  to   space 14848K, 0% used [0x00000000f6d80000,0x00000000f6d80000,0x00000000f7c00000)
 ParOldGen       total 63488K, used 36639K [0x00000000c0800000, 0x00000000c4600000, 0x00000000ead80000)
  object space 63488K, 57% used [0x00000000c0800000,0x00000000c2bc7c40,0x00000000c4600000)
 Metaspace       used 49614K, capacity 50226K, committed 50560K, reserved 1093632K
  class space    used 6285K, capacity 6418K, committed 6528K, reserved 1048576K
}
Event: 2516.496 GC heap before
{Heap before GC invocations=17 (full 2):
 PSYoungGen      total 201216K, used 199136K [0x00000000ead80000, 0x00000000f8a80000, 0x0000000100000000)
  eden space 196608K, 100% used [0x00000000ead80000,0x00000000f6d80000,0x00000000f6d80000)
  from space 4608K, 54% used [0x00000000f8600000,0x00000000f88780f0,0x00000000f8a80000)
  to   space 14848K, 0% used [0x00000000f6d80000,0x00000000f6d80000,0x00000000f7c00000)
 ParOldGen       total 63488K, used 36639K [0x00000000c0800000, 0x00000000c4600000, 0x00000000ead80000)
  object space 63488K, 57% used [0x00000000c0800000,0x00000000c2bc7c40,0x00000000c4600000)
 Metaspace       used 49615K, capacity 50290K, committed 50560K, reserved 1093632K
  class space    used 6285K, capacity 6418K, committed 6528K, reserved 1048576K
Event: 2516.507 GC heap after
Heap after GC invocations=17 (full 2):
 PSYoungGen      total 190976K, used 2544K [0x00000000ead80000, 0x00000000f8680000, 0x0000000100000000)
  eden space 188416K, 0% used [0x00000000ead80000,0x00000000ead80000,0x00000000f6580000)
  from space 2560K, 99% used [0x00000000f6d80000,0x00000000f6ffc0e0,0x00000000f7000000)
  to   space 14848K, 0% used [0x00000000f7800000,0x00000000f7800000,0x00000000f8680000)
 ParOldGen       total 63488K, used 36647K [0x00000000c0800000, 0x00000000c4600000, 0x00000000ead80000)
  object space 63488K, 57% used [0x00000000c0800000,0x00000000c2bc9c40,0x00000000c4600000)
 Metaspace       used 49615K, capacity 50290K, committed 50560K, reserved 1093632K
  class space    used 6285K, capacity 6418K, committed 6528K, reserved 1048576K
}
Event: 3144.347 GC heap before
{Heap before GC invocations=18 (full 2):
 PSYoungGen      total 190976K, used 190960K [0x00000000ead80000, 0x00000000f8680000, 0x0000000100000000)
  eden space 188416K, 100% used [0x00000000ead80000,0x00000000f6580000,0x00000000f6580000)
  from space 2560K, 99% used [0x00000000f6d80000,0x00000000f6ffc0e0,0x00000000f7000000)
  to   space 14848K, 0% used [0x00000000f7800000,0x00000000f7800000,0x00000000f8680000)
 ParOldGen       total 63488K, used 36647K [0x00000000c0800000, 0x00000000c4600000, 0x00000000ead80000)
  object space 63488K, 57% used [0x00000000c0800000,0x00000000c2bc9c40,0x00000000c4600000)
 Metaspace       used 49668K, capacity 50308K, committed 50560K, reserved 1093632K
  class space    used 6287K, capacity 6421K, committed 6528K, reserved 1048576K
Event: 3144.394 GC heap after
Heap after GC invocations=18 (full 2):
 PSYoungGen      total 183808K, used 2608K [0x00000000ead80000, 0x00000000f7b00000, 0x0000000100000000)
  eden space 180736K, 0% used [0x00000000ead80000,0x00000000ead80000,0x00000000f5e00000)
  from space 3072K, 84% used [0x00000000f7800000,0x00000000f7a8c0e0,0x00000000f7b00000)
  to   space 14848K, 0% used [0x00000000f5e00000,0x00000000f5e00000,0x00000000f6c80000)
 ParOldGen       total 63488K, used 36655K [0x00000000c0800000, 0x00000000c4600000, 0x00000000ead80000)
  object space 63488K, 57% used [0x00000000c0800000,0x00000000c2bcbc40,0x00000000c4600000)
 Metaspace       used 49668K, capacity 50308K, committed 50560K, reserved 1093632K
  class space    used 6287K, capacity 6421K, committed 6528K, reserved 1048576K
}

Deoptimization events (10 events):
Event: 407.670 Thread 0x0000000016fbb000 Uncommon trap: reason=class_check action=maybe_recompile pc=0x0000000002959a84 method=java.util.regex.Pattern$Curly.match(Ljava/util/regex/Matcher;ILjava/lang/CharSequence;)Z @ 19
Event: 407.722 Thread 0x0000000016fb7000 Uncommon trap: reason=bimorphic action=maybe_recompile pc=0x00000000029598ec method=java.util.regex.Matcher.match(II)Z @ 86
Event: 410.006 Thread 0x0000000016fb9800 Uncommon trap: reason=bimorphic action=maybe_recompile pc=0x00000000026abaac method=java.util.regex.Pattern$CharProperty.match(Ljava/util/regex/Matcher;ILjava/lang/CharSequence;)Z @ 37
Event: 410.006 Thread 0x0000000016fb9800 Uncommon trap: reason=bimorphic action=maybe_recompile pc=0x00000000026abaac method=java.util.regex.Pattern$CharProperty.match(Ljava/util/regex/Matcher;ILjava/lang/CharSequence;)Z @ 37
Event: 410.006 Thread 0x0000000016fb9800 Uncommon trap: reason=bimorphic action=maybe_recompile pc=0x00000000029598ec method=java.util.regex.Matcher.match(II)Z @ 86
Event: 410.006 Thread 0x0000000016fb9800 Uncommon trap: reason=bimorphic action=maybe_recompile pc=0x00000000026abaac method=java.util.regex.Pattern$CharProperty.match(Ljava/util/regex/Matcher;ILjava/lang/CharSequence;)Z @ 37
Event: 410.006 Thread 0x0000000016fb9800 Uncommon trap: reason=bimorphic action=maybe_recompile pc=0x00000000026abaac method=java.util.regex.Pattern$CharProperty.match(Ljava/util/regex/Matcher;ILjava/lang/CharSequence;)Z @ 37
Event: 3126.087 Thread 0x0000000016fbc000 Uncommon trap: reason=unstable_if action=reinterpret pc=0x0000000002fa7e50 method=java.lang.ref.SoftReference.get()Ljava/lang/Object; @ 6
Event: 3126.095 Thread 0x0000000016fbc000 Uncommon trap: reason=unstable_if action=reinterpret pc=0x0000000002350734 method=java.lang.ref.SoftReference.get()Ljava/lang/Object; @ 6
Event: 3131.520 Thread 0x0000000016fba800 Uncommon trap: reason=unstable_if action=reinterpret pc=0x0000000003071580 method=java.lang.ref.SoftReference.get()Ljava/lang/Object; @ 6

Internal exceptions (10 events):
Event: 410.057 Thread 0x00000000160ff800 Exception <a 'java/lang/ArrayIndexOutOfBoundsException'> (0x00000000f50136a0) thrown at [C:\re\workspace\8-2-build-windows-amd64-cygwin\jdk8u51\3951\hotspot\src\share\vm\runtime\sharedRuntime.cpp, line 605]
Event: 410.057 Thread 0x00000000160ff800 Exception <a 'java/lang/ArrayIndexOutOfBoundsException'> (0x00000000f5013c90) thrown at [C:\re\workspace\8-2-build-windows-amd64-cygwin\jdk8u51\3951\hotspot\src\share\vm\runtime\sharedRuntime.cpp, line 605]
Event: 410.682 Thread 0x0000000016fb8800 Exception <a 'java/lang/ArrayIndexOutOfBoundsException'> (0x00000000f5158328) thrown at [C:\re\workspace\8-2-build-windows-amd64-cygwin\jdk8u51\3951\hotspot\src\share\vm\runtime\sharedRuntime.cpp, line 605]
Event: 410.682 Thread 0x0000000016fb8800 Exception <a 'java/lang/ArrayIndexOutOfBoundsException'> (0x00000000f5158918) thrown at [C:\re\workspace\8-2-build-windows-amd64-cygwin\jdk8u51\3951\hotspot\src\share\vm\runtime\sharedRuntime.cpp, line 605]
Event: 3126.087 Thread 0x0000000016fbc000 Implicit null exception at 0x0000000002fa7ab2 to 0x0000000002fa7e0d
Event: 3131.520 Thread 0x0000000016fba800 Implicit null exception at 0x000000000306bed1 to 0x0000000003071544
Event: 3131.527 Thread 0x0000000016fba800 Exception <a 'java/lang/ArrayIndexOutOfBoundsException'> (0x00000000f61f81a8) thrown at [C:\re\workspace\8-2-build-windows-amd64-cygwin\jdk8u51\3951\hotspot\src\share\vm\runtime\sharedRuntime.cpp, line 605]
Event: 3131.527 Thread 0x0000000016fba800 Exception <a 'java/lang/ArrayIndexOutOfBoundsException'> (0x00000000f61f8798) thrown at [C:\re\workspace\8-2-build-windows-amd64-cygwin\jdk8u51\3951\hotspot\src\share\vm\runtime\sharedRuntime.cpp, line 605]
Event: 3189.412 Thread 0x0000000016fb8000 Exception <a 'java/lang/ArrayIndexOutOfBoundsException'> (0x00000000ebf48428) thrown at [C:\re\workspace\8-2-build-windows-amd64-cygwin\jdk8u51\3951\hotspot\src\share\vm\runtime\sharedRuntime.cpp, line 605]
Event: 3189.412 Thread 0x0000000016fb8000 Exception <a 'java/lang/ArrayIndexOutOfBoundsException'> (0x00000000ebf48a18) thrown at [C:\re\workspace\8-2-build-windows-amd64-cygwin\jdk8u51\3951\hotspot\src\share\vm\runtime\sharedRuntime.cpp, line 605]

Events (10 events):
Event: 3189.412 Thread 0x0000000016fb8000 DEOPT PACKING pc=0x00000000025461cd sp=0x0000000016afb380
Event: 3189.412 Thread 0x0000000016fb8000 DEOPT UNPACKING pc=0x00000000020d71bf sp=0x0000000016afb0a8 mode 1
Event: 3189.412 Thread 0x0000000016fb8000 DEOPT PACKING pc=0x00000000025461cd sp=0x0000000016afb380
Event: 3189.412 Thread 0x0000000016fb8000 DEOPT UNPACKING pc=0x00000000020d71bf sp=0x0000000016afb0a8 mode 1
Event: 3191.214 Executing VM operation: GetOrSetLocal
Event: 3191.214 Executing VM operation: GetOrSetLocal done
Event: 3219.257 Executing VM operation: GetOrSetLocal
Event: 3219.257 Executing VM operation: GetOrSetLocal done
Event: 3280.777 Executing VM operation: RedefineClasses
Event: 3280.827 Executing VM operation: RedefineClasses done


Dynamic libraries:
0x000007f657670000 - 0x000007f6576a7000 	C:\Program Files\Java\jdk1.8.0_51\bin\java.exe
0x000007faad200000 - 0x000007faad3be000 	C:\Windows\SYSTEM32\ntdll.dll
0x000007faac150000 - 0x000007faac286000 	C:\Windows\system32\KERNEL32.DLL
0x000007faaa460000 - 0x000007faaa553000 	C:\Windows\system32\KERNELBASE.dll
0x000007faac300000 - 0x000007faac3de000 	C:\Windows\system32\ADVAPI32.dll
0x000007faabd20000 - 0x000007faabe6c000 	C:\Windows\system32\USER32.dll
0x000007faa7b40000 - 0x000007faa7da9000 	C:\Windows\WinSxS\amd64_microsoft.windows.common-controls_6595b64144ccf1df_6.0.9200.16384_none_418c2a697189c07f\COMCTL32.dll
0x000007faad150000 - 0x000007faad1f5000 	C:\Windows\system32\msvcrt.dll
0x000007faacc20000 - 0x000007faacc68000 	C:\Windows\SYSTEM32\sechost.dll
0x000007faac900000 - 0x000007faaca40000 	C:\Windows\system32\RPCRT4.dll
0x000007faab9b0000 - 0x000007faabaf0000 	C:\Windows\system32\GDI32.dll
0x000007faaca60000 - 0x000007faaca99000 	C:\Windows\system32\IMM32.DLL
0x000007faacc80000 - 0x000007faacd94000 	C:\Windows\system32\MSCTF.dll
0x0000000051450000 - 0x0000000051522000 	C:\Program Files\Java\jdk1.8.0_51\jre\bin\msvcr100.dll
0x0000000051530000 - 0x0000000051db3000 	C:\Program Files\Java\jdk1.8.0_51\jre\bin\server\jvm.dll
0x000007faa1c20000 - 0x000007faa1c29000 	C:\Windows\SYSTEM32\WSOCK32.dll
0x000007faa70c0000 - 0x000007faa70e0000 	C:\Windows\SYSTEM32\WINMM.dll
0x000007faa5300000 - 0x000007faa5309000 	C:\Windows\SYSTEM32\VERSION.dll
0x000007faac140000 - 0x000007faac147000 	C:\Windows\system32\PSAPI.DLL
0x000007faacf40000 - 0x000007faacf98000 	C:\Windows\system32\WS2_32.dll
0x000007faa7000000 - 0x000007faa7032000 	C:\Windows\SYSTEM32\WINMMBASE.dll
0x000007faacc70000 - 0x000007faacc79000 	C:\Windows\system32\NSI.dll
0x0000000051400000 - 0x000000005140f000 	C:\Program Files\Java\jdk1.8.0_51\jre\bin\verify.dll
0x00000000513d0000 - 0x00000000513f9000 	C:\Program Files\Java\jdk1.8.0_51\jre\bin\java.dll
0x0000000050fc0000 - 0x0000000050ff5000 	C:\Program Files\Java\jdk1.8.0_51\jre\bin\jdwp.dll
0x0000000050fb0000 - 0x0000000050fb8000 	C:\Program Files\Java\jdk1.8.0_51\jre\bin\npt.dll
0x00000000513b0000 - 0x00000000513c6000 	C:\Program Files\Java\jdk1.8.0_51\jre\bin\zip.dll
0x000007faaa6c0000 - 0x000007faab9a5000 	C:\Windows\system32\SHELL32.dll
0x000007faacfa0000 - 0x000007faad150000 	C:\Windows\SYSTEM32\combase.dll
0x000007faaa670000 - 0x000007faaa6c0000 	C:\Windows\system32\SHLWAPI.dll
0x000007faa8650000 - 0x000007faa86e6000 	C:\Windows\SYSTEM32\SHCORE.dll
0x000007faaa130000 - 0x000007faaa145000 	C:\Windows\SYSTEM32\profapi.dll
0x0000000050fa0000 - 0x0000000050fa9000 	C:\Program Files\Java\jdk1.8.0_51\jre\bin\dt_socket.dll
0x000007faa9980000 - 0x000007faa99dc000 	C:\Windows\system32\mswsock.dll
0x0000000051120000 - 0x000000005112d000 	C:\Program Files\Java\jdk1.8.0_51\jre\bin\management.dll
0x0000000051390000 - 0x00000000513aa000 	C:\Program Files\Java\jdk1.8.0_51\jre\bin\net.dll
0x000007faa3160000 - 0x000007faa3174000 	C:\Windows\system32\napinsp.dll
0x000007faa3240000 - 0x000007faa3258000 	C:\Windows\system32\pnrpnsp.dll
0x000007faa8390000 - 0x000007faa83a6000 	C:\Windows\system32\NLAapi.dll
0x000007faa97c0000 - 0x000007faa9858000 	C:\Windows\SYSTEM32\DNSAPI.dll
0x000007faa32e0000 - 0x000007faa32f2000 	C:\Windows\System32\winrnr.dll
0x000007faa2f00000 - 0x000007faa2f08000 	C:\Windows\System32\rasadhlp.dll
0x000007faa6d80000 - 0x000007faa6dac000 	C:\Windows\SYSTEM32\IPHLPAPI.DLL
0x000007faa6d00000 - 0x000007faa6d0a000 	C:\Windows\SYSTEM32\WINNSI.DLL
0x000007faa6c80000 - 0x000007faa6cdf000 	C:\Windows\System32\fwpuclnt.dll
0x0000000051370000 - 0x0000000051381000 	C:\Program Files\Java\jdk1.8.0_51\jre\bin\nio.dll
0x000007faa99e0000 - 0x000007faa99fa000 	C:\Windows\SYSTEM32\CRYPTSP.dll
0x000007faa9660000 - 0x000007faa96a9000 	C:\Windows\system32\rsaenh.dll
0x000007faa9760000 - 0x000007faa977f000 	C:\Windows\SYSTEM32\USERENV.dll
0x000007faa9f70000 - 0x000007faa9f7a000 	C:\Windows\SYSTEM32\CRYPTBASE.dll
0x000007faa9f10000 - 0x000007faa9f6c000 	C:\Windows\SYSTEM32\bcryptPrimitives.dll
0x000007faa6a90000 - 0x000007faa6aa3000 	C:\Windows\SYSTEM32\dhcpcsvc6.DLL
0x000007faa69f0000 - 0x000007faa6a08000 	C:\Windows\SYSTEM32\dhcpcsvc.DLL
0x000007fa9cef0000 - 0x000007fa9d053000 	C:\Windows\SYSTEM32\dbghelp.dll

VM Arguments:
jvm_args: -Xdebug -Xrunjdwp:transport=dt_socket,server=n,address=50571 
java_command: mf.uz.UserManagementApplication
java_class_path (initial): E:\Projects\26.02.2016\NetBeansProjects\UserManagement\target\classes;C:\Users\qurbonov\.m2\repository\org\springframework\boot\spring-boot-devtools\1.3.3.RELEASE\spring-boot-devtools-1.3.3.RELEASE.jar;C:\Users\qurbonov\.m2\repository\org\springframework\boot\spring-boot\1.3.3.RELEASE\spring-boot-1.3.3.RELEASE.jar;C:\Users\qurbonov\.m2\repository\org\springframework\spring-core\4.2.5.RELEASE\spring-core-4.2.5.RELEASE.jar;C:\Users\qurbonov\.m2\repository\org\springframework\spring-context\4.2.5.RELEASE\spring-context-4.2.5.RELEASE.jar;C:\Users\qurbonov\.m2\repository\org\springframework\boot\spring-boot-autoconfigure\1.3.3.RELEASE\spring-boot-autoconfigure-1.3.3.RELEASE.jar;C:\Users\qurbonov\.m2\repository\org\springframework\boot\spring-boot-starter-web\1.3.3.RELEASE\spring-boot-starter-web-1.3.3.RELEASE.jar;C:\Users\qurbonov\.m2\repository\org\springframework\boot\spring-boot-starter\1.3.3.RELEASE\spring-boot-starter-1.3.3.RELEASE.jar;C:\Users\qurbonov\.m2\repository\org\springframework\boot\spring-boot-starter-logging\1.3.3.RELEASE\spring-boot-starter-logging-1.3.3.RELEASE.jar;C:\Users\qurbonov\.m2\repository\ch\qos\logback\logback-classic\1.1.5\logback-classic-1.1.5.jar;C:\Users\qurbonov\.m2\repository\ch\qos\logback\logback-core\1.1.5\logback-core-1.1.5.jar;C:\Users\qurbonov\.m2\repository\org\slf4j\jul-to-slf4j\1.7.16\jul-to-slf4j-1.7.16.jar;C:\Users\qurbonov\.m2\repository\org\slf4j\log4j-over-slf4j\1.7.16\log4j-over-slf4j-1.7.16.jar;C:\Users\qurbonov\.m2\repository\org\yaml\snakeyaml\1.16\snakeyaml-1.16.jar;C:\Users\qurbonov\.m2\repository\org\springframework\boot\spring-boot-starter-tomcat\1.3.3.RELEASE\spring-boot-starter-tomcat-1.3.3.RELEASE.jar;C:\Users\qurbonov\.m2\repository\org\apache\tomcat\embed\tomcat-embed-core\8.0.32\tomcat-embed-core-8.0.32.jar;C:\Users\qurbonov\.m2\repository\org\apache\tomcat\embed\tomcat-embed-el\8.0.32\tomcat-embed-el-8.0.32.jar;C:\Users\qurbonov\.m2\repository\org\apache\tomcat\embed\tomcat-embed
Launcher Type: SUN_STANDARD

Environment Variables:
JAVA_HOME=C:\Program Files\Java\jdk1.8.0_51
PATH=C:\ProgramData\Oracle\Java\javapath;C:\Windows\system32;C:\Windows;C:\Windows\System32\Wbem;C:\Windows\System32\WindowsPowerShell\v1.0\;C:\Program Files\nodejs\;C:\Users\qurbonov\AppData\Roaming\npm
USERNAME=qurbonov
OS=Windows_NT
PROCESSOR_IDENTIFIER=Intel64 Family 6 Model 23 Stepping 10, GenuineIntel



---------------  S Y S T E M  ---------------

OS: Windows 8 , 64 bit Build 9200 (6.2.9200.16384)

CPU:total 2 (2 cores per cpu, 1 threads per core) family 6 model 23 stepping 10, cmov, cx8, fxsr, mmx, sse, sse2, sse3, ssse3, tsc

Memory: 4k page, physical 4158580k(1545352k free), swap 7828596k(4016844k free)

vm_info: Java HotSpot(TM) 64-Bit Server VM (25.51-b03) for windows-amd64 JRE (1.8.0_51-b16), built on Jun  8 2015 18:03:07 by "java_re" with MS VC++ 10.0 (VS2010)

time: Mon Apr 04 17:28:54 2016
elapsed time: 3281 seconds (0d 0h 54m 41s)

